2025-10-03 12:48:29.182 [REQ-4018fa64] [anonymous] - API_CALL | GET | /login | anonymous | 0:0:0:0:0:0:0:1 | Response: 200, Duration: 290ms, Size: 8192 bytes | UA: curl/8.7.1 | Ref: direct
2025-10-03 12:48:34.619 [REQ-fafcfc96] [anonymous] - API_CALL | GET | /login | anonymous | 0:0:0:0:0:0:0:1 | Response: 200, Duration: 14ms, Size: 8192 bytes | UA: Mozilla/5.0 (Macintosh; Intel Mac OS X 10_15_7) AppleWebKit/537.36 (KHTML, like Gecko) Chrome/140.0. | Ref: direct
2025-10-03 12:48:35.894 [REQ-a5db1828] [anonymous] - API_CALL | GET | /login | anonymous | 0:0:0:0:0:0:0:1 | Response: 200, Duration: 30ms, Size: 8192 bytes | UA: Mozilla/5.0 (Macintosh; Intel Mac OS X 10_15_7) AppleWebKit/537.36 (KHTML, like Gecko) Chrome/140.0. | Ref: http://localhost:8080/login
2025-10-03 12:48:45.250 [REQ-cba71fa9] [admin] - USER_ACTION | admin | DASHBOARD_ACCESS | Accessing admin dashboard
2025-10-03 12:48:45.280 [REQ-cba71fa9] [admin] - API_CALL | GET | /dashboard | admin | 0:0:0:0:0:0:0:1 | Response: 200, Duration: 40ms, Size: 8192 bytes | UA: Mozilla/5.0 (Macintosh; Intel Mac OS X 10_15_7) AppleWebKit/537.36 (KHTML, like Gecko) Chrome/140.0. | Ref: http://localhost:8080/login
2025-10-03 12:48:48.673 [REQ-558f24b6] [admin] - USER_ACTION | admin | USERS_PAGE_ACCESS | Accessing users management
2025-10-03 12:48:48.715 [REQ-558f24b6] [admin] - API_CALL | GET | /users | admin | 0:0:0:0:0:0:0:1 | Response: 200, Duration: 45ms, Size: 8192 bytes | UA: Mozilla/5.0 (Macintosh; Intel Mac OS X 10_15_7) AppleWebKit/537.36 (KHTML, like Gecko) Chrome/140.0. | Ref: http://localhost:8080/dashboard
2025-10-03 12:48:53.041 [REQ-8fc9ba77] [admin] - USER_ACTION | admin | ROLES_PAGE_ACCESS | Accessing roles management
2025-10-03 12:48:53.061 [REQ-8fc9ba77] [admin] - API_CALL | GET | /roles | admin | 0:0:0:0:0:0:0:1 | Response: 200, Duration: 22ms, Size: 8192 bytes | UA: Mozilla/5.0 (Macintosh; Intel Mac OS X 10_15_7) AppleWebKit/537.36 (KHTML, like Gecko) Chrome/140.0. | Ref: http://localhost:8080/users
2025-10-03 12:50:36.471 [REQ-72b9664a] [admin] - USER_ACTION | admin | DASHBOARD_ACCESS | Accessing admin dashboard
2025-10-03 12:50:36.511 [REQ-72b9664a] [admin] - API_CALL | GET | /dashboard | admin | 0:0:0:0:0:0:0:1 | Response: 200, Duration: 55ms, Size: 8192 bytes | UA: Mozilla/5.0 (Macintosh; Intel Mac OS X 10_15_7) AppleWebKit/537.36 (KHTML, like Gecko) Chrome/140.0. | Ref: http://localhost:8080/roles
2025-10-03 12:53:49.744 [REQ-0ec4927f] [admin] - USER_ACTION | admin | DASHBOARD_ACCESS | Accessing admin dashboard
2025-10-03 12:53:49.787 [REQ-0ec4927f] [admin] - API_CALL | GET | /dashboard | admin | 0:0:0:0:0:0:0:1 | Response: 200, Duration: 52ms, Size: 8192 bytes | UA: Mozilla/5.0 (Macintosh; Intel Mac OS X 10_15_7) AppleWebKit/537.36 (KHTML, like Gecko) Chrome/140.0. | Ref: direct
2025-10-03 12:53:51.739 [REQ-caa35d2a] [admin] - USER_ACTION | admin | USERS_PAGE_ACCESS | Accessing users management
2025-10-03 12:53:51.760 [REQ-caa35d2a] [admin] - API_CALL | GET | /users | admin | 0:0:0:0:0:0:0:1 | Response: 200, Duration: 23ms, Size: 8192 bytes | UA: Mozilla/5.0 (Macintosh; Intel Mac OS X 10_15_7) AppleWebKit/537.36 (KHTML, like Gecko) Chrome/140.0. | Ref: http://localhost:8080/dashboard
2025-10-03 12:54:01.404 [REQ-003758a1] [admin] - USER_ACTION | admin | DASHBOARD_ACCESS | Accessing admin dashboard
2025-10-03 12:54:01.444 [REQ-003758a1] [admin] - API_CALL | GET | /dashboard | admin | 0:0:0:0:0:0:0:1 | Response: 200, Duration: 51ms, Size: 8192 bytes | UA: Mozilla/5.0 (Macintosh; Intel Mac OS X 10_15_7) AppleWebKit/537.36 (KHTML, like Gecko) Chrome/140.0. | Ref: http://localhost:8080/users
2025-10-03 12:54:02.519 [REQ-96389188] [admin] - API_CALL | GET | /logout | admin | 0:0:0:0:0:0:0:1 | Response: 302, Duration: 18ms, Size: 8192 bytes | UA: Mozilla/5.0 (Macintosh; Intel Mac OS X 10_15_7) AppleWebKit/537.36 (KHTML, like Gecko) Chrome/140.0. | Ref: http://localhost:8080/dashboard
2025-10-03 12:54:02.549 [REQ-8f8393a2] [anonymous] - API_CALL | GET | /login | admin | 0:0:0:0:0:0:0:1 | Response: 200, Duration: 25ms, Size: 8192 bytes | UA: Mozilla/5.0 (Macintosh; Intel Mac OS X 10_15_7) AppleWebKit/537.36 (KHTML, like Gecko) Chrome/140.0. | Ref: http://localhost:8080/dashboard
2025-10-03 12:54:14.564 [REQ-dd342605] [anonymous] - API_CALL | GET | /login | anonymous | 0:0:0:0:0:0:0:1 | Response: 200, Duration: 284ms, Size: 8192 bytes | UA: curl/8.7.1 | Ref: direct
2025-10-03 12:54:19.135 [REQ-818e8399] [anonymous] - API_CALL | GET | /login | anonymous | 0:0:0:0:0:0:0:1 | Response: 200, Duration: 13ms, Size: 8192 bytes | UA: Mozilla/5.0 (Macintosh; Intel Mac OS X 10_15_7) AppleWebKit/537.36 (KHTML, like Gecko) Chrome/140.0. | Ref: http://localhost:8080/login
2025-10-03 12:54:20.229 [REQ-5f02ec90] [anonymous] - API_CALL | GET | /dashboard | anonymous | 0:0:0:0:0:0:0:1 | Response: 302, Duration: 6ms, Size: 8192 bytes | UA: Mozilla/5.0 (Macintosh; Intel Mac OS X 10_15_7) AppleWebKit/537.36 (KHTML, like Gecko) Chrome/140.0. | Ref: http://localhost:8080/login
2025-10-03 12:54:20.244 [REQ-f22b6d72] [anonymous] - API_CALL | GET | /login | anonymous | 0:0:0:0:0:0:0:1 | Response: 200, Duration: 10ms, Size: 8192 bytes | UA: Mozilla/5.0 (Macintosh; Intel Mac OS X 10_15_7) AppleWebKit/537.36 (KHTML, like Gecko) Chrome/140.0. | Ref: http://localhost:8080/login
2025-10-03 12:54:20.318 [REQ-fd4398fd] [anonymous] - API_CALL | GET | /login | anonymous | 0:0:0:0:0:0:0:1 | Response: 200, Duration: 6ms, Size: 8192 bytes | UA: Mozilla/5.0 (Macintosh; Intel Mac OS X 10_15_7) AppleWebKit/537.36 (KHTML, like Gecko) Chrome/140.0. | Ref: http://localhost:8080/login
2025-10-03 12:54:24.925 [REQ-2dee1123] [admin] - USER_ACTION | admin | DASHBOARD_ACCESS | Accessing admin dashboard
2025-10-03 12:54:24.956 [REQ-2dee1123] [admin] - API_CALL | GET | /dashboard | admin | 0:0:0:0:0:0:0:1 | Response: 200, Duration: 39ms, Size: 8192 bytes | UA: Mozilla/5.0 (Macintosh; Intel Mac OS X 10_15_7) AppleWebKit/537.36 (KHTML, like Gecko) Chrome/140.0. | Ref: http://localhost:8080/login
2025-10-03 12:54:28.939 [REQ-46ff2ea4] [admin] - USER_ACTION | admin | USERS_PAGE_ACCESS | Accessing users management
2025-10-03 12:54:28.976 [REQ-46ff2ea4] [admin] - API_CALL | GET | /users | admin | 0:0:0:0:0:0:0:1 | Response: 200, Duration: 39ms, Size: 8192 bytes | UA: Mozilla/5.0 (Macintosh; Intel Mac OS X 10_15_7) AppleWebKit/537.36 (KHTML, like Gecko) Chrome/140.0. | Ref: http://localhost:8080/dashboard
2025-10-03 12:54:34.074 [REQ-ebea83d1] [admin] - USER_ACTION | admin | ROLES_PAGE_ACCESS | Accessing roles management
2025-10-03 12:54:34.093 [REQ-ebea83d1] [admin] - API_CALL | GET | /roles | admin | 0:0:0:0:0:0:0:1 | Response: 200, Duration: 23ms, Size: 8192 bytes | UA: Mozilla/5.0 (Macintosh; Intel Mac OS X 10_15_7) AppleWebKit/537.36 (KHTML, like Gecko) Chrome/140.0. | Ref: http://localhost:8080/users
2025-10-03 12:54:52.492 [REQ-e9839d75] [admin] - USER_ACTION | admin | DASHBOARD_ACCESS | Accessing admin dashboard
2025-10-03 12:54:52.516 [REQ-e9839d75] [admin] - API_CALL | GET | /dashboard | admin | 0:0:0:0:0:0:0:1 | Response: 200, Duration: 29ms, Size: 8192 bytes | UA: Mozilla/5.0 (Macintosh; Intel Mac OS X 10_15_7) AppleWebKit/537.36 (KHTML, like Gecko) Chrome/140.0. | Ref: http://localhost:8080/roles
2025-10-03 12:54:54.275 [REQ-1b1ca350] [admin] - USER_ACTION | admin | ROLES_PAGE_ACCESS | Accessing roles management
2025-10-03 12:54:54.291 [REQ-1b1ca350] [admin] - API_CALL | GET | /roles | admin | 0:0:0:0:0:0:0:1 | Response: 200, Duration: 18ms, Size: 8192 bytes | UA: Mozilla/5.0 (Macintosh; Intel Mac OS X 10_15_7) AppleWebKit/537.36 (KHTML, like Gecko) Chrome/140.0. | Ref: http://localhost:8080/dashboard
2025-10-03 12:54:55.739 [REQ-0c56475d] [admin] - USER_ACTION | admin | DASHBOARD_ACCESS | Accessing admin dashboard
2025-10-03 12:54:55.763 [REQ-0c56475d] [admin] - API_CALL | GET | /dashboard | admin | 0:0:0:0:0:0:0:1 | Response: 200, Duration: 26ms, Size: 8192 bytes | UA: Mozilla/5.0 (Macintosh; Intel Mac OS X 10_15_7) AppleWebKit/537.36 (KHTML, like Gecko) Chrome/140.0. | Ref: http://localhost:8080/roles
2025-10-03 12:54:56.536 [REQ-89116d71] [admin] - USER_ACTION | admin | USERS_PAGE_ACCESS | Accessing users management
2025-10-03 12:54:56.555 [REQ-89116d71] [admin] - API_CALL | GET | /users | admin | 0:0:0:0:0:0:0:1 | Response: 200, Duration: 21ms, Size: 8192 bytes | UA: Mozilla/5.0 (Macintosh; Intel Mac OS X 10_15_7) AppleWebKit/537.36 (KHTML, like Gecko) Chrome/140.0. | Ref: http://localhost:8080/dashboard
2025-10-03 13:03:44.392 [REQ-9b99d4ab] [anonymous] - API_CALL | GET | /login | anonymous | 0:0:0:0:0:0:0:1 | Response: 200, Duration: 318ms, Size: 8192 bytes | UA: curl/8.7.1 | Ref: direct
2025-10-03 13:03:45.317 [REQ-1fb25d65] [anonymous] - API_CALL | GET | /api/users/me | anonymous | 0:0:0:0:0:0:0:1 | Response: 302, Duration: 9ms, Size: 8192 bytes | UA: PostmanRuntime/7.48.0 | Ref: direct
2025-10-03 13:03:45.336 [REQ-580b4022] [anonymous] - API_CALL | GET | /login | anonymous | 0:0:0:0:0:0:0:1 | Response: 200, Duration: 6ms, Size: 8192 bytes | UA: PostmanRuntime/7.48.0 | Ref: http://localhost:8080/api/users/me
2025-10-03 13:04:01.817 [REQ-ebc33e6d] [anonymous] - API_CALL | GET | /api/users/me | anonymous | 0:0:0:0:0:0:0:1 | Response: 302, Duration: 14ms, Size: 8192 bytes | UA: PostmanRuntime/7.48.0 | Ref: direct
2025-10-03 13:04:01.835 [REQ-6044aaa9] [anonymous] - API_CALL | GET | /login | anonymous | 0:0:0:0:0:0:0:1 | Response: 200, Duration: 14ms, Size: 8192 bytes | UA: PostmanRuntime/7.48.0 | Ref: http://localhost:8080/api/users/me
2025-10-03 13:04:18.235 [REQ-85129196] [anonymous] - API_CALL | GET | /api/users/me | anonymous | 0:0:0:0:0:0:0:1 | Response: 302, Duration: 5ms, Size: 8192 bytes | UA: PostmanRuntime/7.48.0 | Ref: direct
2025-10-03 13:04:18.246 [REQ-bccd6d7f] [anonymous] - API_CALL | GET | /login | anonymous | 0:0:0:0:0:0:0:1 | Response: 200, Duration: 8ms, Size: 8192 bytes | UA: PostmanRuntime/7.48.0 | Ref: http://localhost:8080/api/users/me
2025-10-03 13:04:28.422 [REQ-bb2cccdc] [admin] - API_CALL | POST | /api/auth/login | anonymous | 0:0:0:0:0:0:0:1 | Response: 200, Duration: 547ms, Size: 8192 bytes | UA: PostmanRuntime/7.48.0 | Ref: direct
2025-10-03 13:04:48.229 [REQ-ee4974c9] [admin] - API_CALL | GET | /api/users/me | admin | 0:0:0:0:0:0:0:1 | Response: 200, Duration: 81ms, Size: 8192 bytes | UA: PostmanRuntime/7.48.0 | Ref: direct
2025-10-03 13:05:09.345 [REQ-220b6f53] [admin] - API_CALL | GET | /api/admin/users | admin | 0:0:0:0:0:0:0:1 | Response: 200, Duration: 66ms, Size: 8192 bytes | UA: PostmanRuntime/7.48.0 | Ref: direct
2025-10-03 13:06:26.210 [REQ-b5deb557] [admin] - API_CALL | POST | /api/admin/roles | admin | 0:0:0:0:0:0:0:1 | Response: 500, Duration: 23ms, Size: 8192 bytes | UA: PostmanRuntime/7.48.0 | Ref: direct
2025-10-03 13:07:24.874 [REQ-8be52426] [admin] - API_CALL | GET | /api/admin/roles | admin | 0:0:0:0:0:0:0:1 | Response: 200, Duration: 44ms, Size: 8192 bytes | UA: PostmanRuntime/7.48.0 | Ref: direct
2025-10-03 13:07:42.713 [REQ-099a897a] [admin] - API_CALL | POST | /api/admin/roles | admin | 0:0:0:0:0:0:0:1 | Response: 200, Duration: 87ms, Size: 8192 bytes | UA: PostmanRuntime/7.48.0 | Ref: direct
2025-10-03 13:08:19.157 [REQ-8b97cad5] [admin] - API_CALL | POST | /api/admin/roles | admin | 0:0:0:0:0:0:0:1 | Response: 200, Duration: 43ms, Size: 8192 bytes | UA: PostmanRuntime/7.48.0 | Ref: direct
2025-10-03 13:08:41.882 [REQ-095eb554] [admin] - API_CALL | POST | /api/admin/roles | admin | 0:0:0:0:0:0:0:1 | Response: 200, Duration: 14ms, Size: 8192 bytes | UA: PostmanRuntime/7.48.0 | Ref: direct
2025-10-03 13:11:10.258 [REQ-9d546a7e] [admin] - API_CALL | GET | /api/admin/roles | admin | 0:0:0:0:0:0:0:1 | Response: 200, Duration: 31ms, Size: 8192 bytes | UA: PostmanRuntime/7.48.0 | Ref: direct
2025-10-03 13:11:34.573 [REQ-270392a4] [admin] - API_CALL | GET | /api/admin/users | admin | 0:0:0:0:0:0:0:1 | Response: 200, Duration: 46ms, Size: 8192 bytes | UA: PostmanRuntime/7.48.0 | Ref: direct
2025-10-03 13:12:46.743 [REQ-60cb4764] [admin] - USER_ACTION | admin | CREATE_USER | Creating user: rajesh.sharma
2025-10-03 13:12:46.908 [REQ-60cb4764] [admin] - USER_ACTION | admin | CREATE_USER_SUCCESS | User created: rajesh.sharma
2025-10-03 13:12:46.915 [REQ-60cb4764] [admin] - API_CALL | POST | /api/admin/users | admin | 0:0:0:0:0:0:0:1 | Response: 201, Duration: 270ms, Size: 8192 bytes | UA: PostmanRuntime/7.48.0 | Ref: direct
2025-10-03 13:13:03.865 [REQ-a838c54a] [admin] - USER_ACTION | admin | CREATE_USER | Creating user: arjun.singh
2025-10-03 13:13:04.016 [REQ-a838c54a] [admin] - USER_ACTION | admin | CREATE_USER_SUCCESS | User created: arjun.singh
2025-10-03 13:13:04.026 [REQ-a838c54a] [admin] - API_CALL | POST | /api/admin/users | admin | 0:0:0:0:0:0:0:1 | Response: 201, Duration: 172ms, Size: 8192 bytes | UA: PostmanRuntime/7.48.0 | Ref: direct
2025-10-03 13:13:38.148 [REQ-3d6d9779] [admin] - API_CALL | GET | /api/admin/users | admin | 0:0:0:0:0:0:0:1 | Response: 200, Duration: 35ms, Size: 8192 bytes | UA: PostmanRuntime/7.48.0 | Ref: direct
2025-10-03 13:15:34.737 [REQ-86e6b4fe] [admin] - API_CALL | POST | /api/admin/users/assign-role | admin | 0:0:0:0:0:0:0:1 | Response: 500, Duration: 31ms, Size: 8192 bytes | UA: PostmanRuntime/7.48.0 | Ref: direct
2025-10-03 13:15:40.155 [REQ-45924f07] [admin] - API_CALL | POST | /api/admin/users/assign-role | admin | 0:0:0:0:0:0:0:1 | Response: 500, Duration: 11ms, Size: 8192 bytes | UA: PostmanRuntime/7.48.0 | Ref: direct
2025-10-03 13:16:03.948 [REQ-db5bb0b6] [admin] - API_CALL | POST | /api/admin/users/assign-role | admin | 0:0:0:0:0:0:0:1 | Response: 500, Duration: 18ms, Size: 8192 bytes | UA: PostmanRuntime/7.48.0 | Ref: direct
2025-10-03 13:17:38.135 [REQ-7865db01] [admin] - API_CALL | POST | /api/admin/users/assign-role | admin | 0:0:0:0:0:0:0:1 | Response: 200, Duration: 99ms, Size: 8192 bytes | UA: PostmanRuntime/7.48.0 | Ref: direct
2025-10-03 13:17:54.113 [REQ-974cc7c1] [admin] - API_CALL | POST | /api/admin/users/assign-role | admin | 0:0:0:0:0:0:0:1 | Response: 200, Duration: 16ms, Size: 8192 bytes | UA: PostmanRuntime/7.48.0 | Ref: direct
2025-10-03 13:18:04.964 [REQ-781179a4] [admin] - API_CALL | POST | /api/admin/users/assign-role | admin | 0:0:0:0:0:0:0:1 | Response: 200, Duration: 20ms, Size: 8192 bytes | UA: PostmanRuntime/7.48.0 | Ref: direct
2025-10-03 13:18:09.341 [REQ-33d672ee] [admin] - API_CALL | GET | /api/admin/users | admin | 0:0:0:0:0:0:0:1 | Response: 200, Duration: 47ms, Size: 8192 bytes | UA: PostmanRuntime/7.48.0 | Ref: direct
