2025-10-03 12:48:29.183 [REQ-4018fa64] - PERFORMANCE | GET /login | 290ms | null | Status: 200
2025-10-03 12:48:34.619 [REQ-fafcfc96] - PERFORMANCE | GET /login | 14ms | null | Status: 200
2025-10-03 12:48:35.895 [REQ-a5db1828] - PERFORMANCE | GET /login | 30ms | null | Status: 200
2025-10-03 12:48:45.280 [REQ-cba71fa9] - PERFORMANCE | GET /dashboard | 40ms | admin | Status: 200
2025-10-03 12:48:48.716 [REQ-558f24b6] - PERFORMANCE | GET /users | 45ms | admin | Status: 200
2025-10-03 12:48:53.062 [REQ-8fc9ba77] - PERFORMANCE | GET /roles | 22ms | admin | Status: 200
2025-10-03 12:50:36.512 [REQ-72b9664a] - PERFORMANCE | GET /dashboard | 55ms | admin | Status: 200
2025-10-03 12:53:49.788 [REQ-0ec4927f] - PERFORMANCE | GET /dashboard | 52ms | admin | Status: 200
2025-10-03 12:53:51.761 [REQ-caa35d2a] - PERFORMANCE | GET /users | 23ms | admin | Status: 200
2025-10-03 12:54:01.444 [REQ-003758a1] - PERFORMANCE | GET /dashboard | 51ms | admin | Status: 200
2025-10-03 12:54:02.520 [REQ-96389188] - PERFORMANCE | GET /logout | 18ms | admin | Status: 302
2025-10-03 12:54:02.549 [REQ-8f8393a2] - PERFORMANCE | GET /login | 25ms | admin | Status: 200
2025-10-03 12:54:14.564 [REQ-dd342605] - PERFORMANCE | GET /login | 284ms | null | Status: 200
2025-10-03 12:54:19.135 [REQ-818e8399] - PERFORMANCE | GET /login | 13ms | null | Status: 200
2025-10-03 12:54:20.229 [REQ-5f02ec90] - PERFORMANCE | GET /dashboard | 6ms | null | Status: 302
2025-10-03 12:54:20.244 [REQ-f22b6d72] - PERFORMANCE | GET /login | 10ms | null | Status: 200
2025-10-03 12:54:20.318 [REQ-fd4398fd] - PERFORMANCE | GET /login | 6ms | null | Status: 200
2025-10-03 12:54:24.957 [REQ-2dee1123] - PERFORMANCE | GET /dashboard | 39ms | admin | Status: 200
2025-10-03 12:54:28.976 [REQ-46ff2ea4] - PERFORMANCE | GET /users | 39ms | admin | Status: 200
2025-10-03 12:54:34.093 [REQ-ebea83d1] - PERFORMANCE | GET /roles | 23ms | admin | Status: 200
2025-10-03 12:54:52.516 [REQ-e9839d75] - PERFORMANCE | GET /dashboard | 29ms | admin | Status: 200
2025-10-03 12:54:54.292 [REQ-1b1ca350] - PERFORMANCE | GET /roles | 18ms | admin | Status: 200
2025-10-03 12:54:55.764 [REQ-0c56475d] - PERFORMANCE | GET /dashboard | 26ms | admin | Status: 200
2025-10-03 12:54:56.555 [REQ-89116d71] - PERFORMANCE | GET /users | 21ms | admin | Status: 200
2025-10-03 13:03:44.392 [REQ-9b99d4ab] - PERFORMANCE | GET /login | 318ms | null | Status: 200
2025-10-03 13:03:45.318 [REQ-1fb25d65] - PERFORMANCE | GET /api/users/me | 9ms | null | Status: 302
2025-10-03 13:03:45.336 [REQ-580b4022] - PERFORMANCE | GET /login | 6ms | null | Status: 200
2025-10-03 13:04:01.818 [REQ-ebc33e6d] - PERFORMANCE | GET /api/users/me | 14ms | null | Status: 302
2025-10-03 13:04:01.835 [REQ-6044aaa9] - PERFORMANCE | GET /login | 14ms | null | Status: 200
2025-10-03 13:04:18.235 [REQ-85129196] - PERFORMANCE | GET /api/users/me | 5ms | null | Status: 302
2025-10-03 13:04:18.246 [REQ-bccd6d7f] - PERFORMANCE | GET /login | 8ms | null | Status: 200
2025-10-03 13:04:28.423 [REQ-bb2cccdc] - PERFORMANCE | POST /api/auth/login | 547ms | null | Status: 200
2025-10-03 13:04:48.229 [REQ-ee4974c9] - PERFORMANCE | GET /api/users/me | 81ms | admin | Status: 200
2025-10-03 13:05:09.345 [REQ-220b6f53] - PERFORMANCE | GET /api/admin/users | 66ms | admin | Status: 200
2025-10-03 13:06:26.210 [REQ-b5deb557] - PERFORMANCE | POST /api/admin/roles | 23ms | admin | Status: 500
2025-10-03 13:07:24.874 [REQ-8be52426] - PERFORMANCE | GET /api/admin/roles | 44ms | admin | Status: 200
2025-10-03 13:07:42.714 [REQ-099a897a] - PERFORMANCE | POST /api/admin/roles | 87ms | admin | Status: 200
2025-10-03 13:08:19.158 [REQ-8b97cad5] - PERFORMANCE | POST /api/admin/roles | 43ms | admin | Status: 200
2025-10-03 13:08:41.882 [REQ-095eb554] - PERFORMANCE | POST /api/admin/roles | 14ms | admin | Status: 200
2025-10-03 13:11:10.259 [REQ-9d546a7e] - PERFORMANCE | GET /api/admin/roles | 31ms | admin | Status: 200
2025-10-03 13:11:34.574 [REQ-270392a4] - PERFORMANCE | GET /api/admin/users | 46ms | admin | Status: 200
2025-10-03 13:12:46.915 [REQ-60cb4764] - PERFORMANCE | POST /api/admin/users | 270ms | admin | Status: 201
2025-10-03 13:13:04.026 [REQ-a838c54a] - PERFORMANCE | POST /api/admin/users | 172ms | admin | Status: 201
2025-10-03 13:13:38.149 [REQ-3d6d9779] - PERFORMANCE | GET /api/admin/users | 35ms | admin | Status: 200
2025-10-03 13:15:34.738 [REQ-86e6b4fe] - PERFORMANCE | POST /api/admin/users/assign-role | 31ms | admin | Status: 500
2025-10-03 13:15:40.155 [REQ-45924f07] - PERFORMANCE | POST /api/admin/users/assign-role | 11ms | admin | Status: 500
2025-10-03 13:16:03.949 [REQ-db5bb0b6] - PERFORMANCE | POST /api/admin/users/assign-role | 18ms | admin | Status: 500
2025-10-03 13:17:38.136 [REQ-7865db01] - PERFORMANCE | POST /api/admin/users/assign-role | 99ms | admin | Status: 200
2025-10-03 13:17:54.113 [REQ-974cc7c1] - PERFORMANCE | POST /api/admin/users/assign-role | 16ms | admin | Status: 200
2025-10-03 13:18:04.964 [REQ-781179a4] - PERFORMANCE | POST /api/admin/users/assign-role | 20ms | admin | Status: 200
2025-10-03 13:18:09.341 [REQ-33d672ee] - PERFORMANCE | GET /api/admin/users | 47ms | admin | Status: 200
